1511728417820	geckodriver	INFO	geckodriver 0.19.1
1511728417830	geckodriver	INFO	Listening on 127.0.0.1:62392
1511728418888	mozrunner::runner	INFO	Running command: "/Applications/Firefox.app/Contents/MacOS/firefox-bin" "-marionette" "-profile" "/var/folders/ng/f1kzg3p117s4f34f6v0nks2r0000gp/T/rust_mozprofile.rZwM5ov1at69"
1511728419165	addons.xpi	WARN	Error parsing extensions state: [Exception... "Component returned failure code: 0x80520012 (NS_ERROR_FILE_NOT_FOUND) [amIAddonManagerStartup.readStartupData]"  nsresult: "0x80520012 (NS_ERROR_FILE_NOT_FOUND)"  location: "JS frame :: resource://gre/modules/addons/XPIProvider.jsm :: loadExtensionState :: line 1554"  data: no] Stack trace: loadExtensionState()@resource://gre/modules/addons/XPIProvider.jsm:1554 < getInstallState()@resource://gre/modules/addons/XPIProvider.jsm:1589 < checkForChanges()@resource://gre/modules/addons/XPIProvider.jsm:3109 < startup()@resource://gre/modules/addons/XPIProvider.jsm:2188 < callProvider()@resource://gre/modules/AddonManager.jsm:269 < _startProvider()@resource://gre/modules/AddonManager.jsm:739 < startup()@resource://gre/modules/AddonManager.jsm:906 < startup()@resource://gre/modules/AddonManager.jsm:3090 < observe()@jar:file:///Applications/Firefox.app/Contents/Resources/omni.ja!/components/addonManager.js:65
1511728419482	Marionette	INFO	Enabled via --marionette
2017-11-26 14:33:40.461 plugin-container[58285:3770734] *** CFMessagePort: bootstrap_register(): failed 1100 (0x44c) 'Permission denied', port = 0xa23b, name = 'com.apple.tsm.portname'
See /usr/include/servers/bootstrap_defs.h for the error codes.
2017-11-26 14:33:40.462 plugin-container[58285:3770734] *** CFMessagePort: bootstrap_register(): failed 1100 (0x44c) 'Permission denied', port = 0xa503, name = 'com.apple.CFPasteboardClient'
See /usr/include/servers/bootstrap_defs.h for the error codes.
1511728420863	Marionette	INFO	Listening on port 62401
1511728420967	Marionette	WARN	TLS certificate errors will be ignored for this session
1511728421011	Marionette	DEBUG	Register listener.js for window 2147483649
1511728421030	Marionette	DEBUG	Received DOM event "beforeunload" for "about:blank"
1511728421062	Marionette	DEBUG	Received DOM event "pagehide" for "about:blank"
1511728421063	Marionette	DEBUG	Received DOM event "unload" for "about:blank"
1511728421687	Marionette	DEBUG	Received DOM event "DOMContentLoaded" for "http://localhost:8000/"
1511728421694	Marionette	DEBUG	Received DOM event "pageshow" for "http://localhost:8000/"
1511731414721	geckodriver	INFO	geckodriver 0.19.1
1511731414727	geckodriver	INFO	Listening on 127.0.0.1:63748
1511731415780	mozrunner::runner	INFO	Running command: "/Applications/Firefox.app/Contents/MacOS/firefox-bin" "-marionette" "-profile" "/var/folders/ng/f1kzg3p117s4f34f6v0nks2r0000gp/T/rust_mozprofile.IPhuBNUv1whf"
1511731416159	addons.xpi	WARN	Error parsing extensions state: [Exception... "Component returned failure code: 0x80520012 (NS_ERROR_FILE_NOT_FOUND) [amIAddonManagerStartup.readStartupData]"  nsresult: "0x80520012 (NS_ERROR_FILE_NOT_FOUND)"  location: "JS frame :: resource://gre/modules/addons/XPIProvider.jsm :: loadExtensionState :: line 1554"  data: no] Stack trace: loadExtensionState()@resource://gre/modules/addons/XPIProvider.jsm:1554 < getInstallState()@resource://gre/modules/addons/XPIProvider.jsm:1589 < checkForChanges()@resource://gre/modules/addons/XPIProvider.jsm:3109 < startup()@resource://gre/modules/addons/XPIProvider.jsm:2188 < callProvider()@resource://gre/modules/AddonManager.jsm:269 < _startProvider()@resource://gre/modules/AddonManager.jsm:739 < startup()@resource://gre/modules/AddonManager.jsm:906 < startup()@resource://gre/modules/AddonManager.jsm:3090 < observe()@jar:file:///Applications/Firefox.app/Contents/Resources/omni.ja!/components/addonManager.js:65
1511731416497	Marionette	INFO	Enabled via --marionette
2017-11-26 15:23:37.632 plugin-container[60131:3833878] *** CFMessagePort: bootstrap_register(): failed 1100 (0x44c) 'Permission denied', port = 0xa23f, name = 'com.apple.tsm.portname'
See /usr/include/servers/bootstrap_defs.h for the error codes.
2017-11-26 15:23:37.633 plugin-container[60131:3833878] *** CFMessagePort: bootstrap_register(): failed 1100 (0x44c) 'Permission denied', port = 0xa603, name = 'com.apple.CFPasteboardClient'
See /usr/include/servers/bootstrap_defs.h for the error codes.
1511731418154	Marionette	INFO	Listening on port 63757
1511731418233	Marionette	WARN	TLS certificate errors will be ignored for this session
1511731418278	Marionette	DEBUG	Register listener.js for window 2147483649
1511731418296	Marionette	DEBUG	Received DOM event "beforeunload" for "about:blank"
1511731418311	Marionette	DEBUG	Received DOM event "beforeunload" for "about:blank"
1511731418314	Marionette	DEBUG	Received DOM event "pagehide" for "about:blank"
1511731418314	Marionette	DEBUG	Received DOM event "unload" for "about:blank"
1511731418387	Marionette	DEBUG	Received DOM event "DOMContentLoaded" for "about:neterror?e=connectionFailure&u=http%3A//localhost%3A8000/&c=UTF-8&f=regular&d=Firefox%20can%E2%80%99t%20establish%20a%20connection%20to%20the%20server%20at%20localhost%3A8000."
2017-11-26 15:23:54.758 plugin-container[60143:3834219] *** CFMessagePort: bootstrap_register(): failed 1100 (0x44c) 'Permission denied', port = 0xa23b, name = 'com.apple.tsm.portname'
See /usr/include/servers/bootstrap_defs.h for the error codes.
2017-11-26 15:23:54.761 plugin-container[60143:3834219] *** CFMessagePort: bootstrap_register(): failed 1100 (0x44c) 'Permission denied', port = 0xa503, name = 'com.apple.CFPasteboardClient'
See /usr/include/servers/bootstrap_defs.h for the error codes.
1511731478285	geckodriver	INFO	geckodriver 0.19.1
1511731478290	geckodriver	INFO	Listening on 127.0.0.1:63826
1511731479352	mozrunner::runner	INFO	Running command: "/Applications/Firefox.app/Contents/MacOS/firefox-bin" "-marionette" "-profile" "/var/folders/ng/f1kzg3p117s4f34f6v0nks2r0000gp/T/rust_mozprofile.7QYZp9nTE96H"
1511731479624	addons.xpi	WARN	Error parsing extensions state: [Exception... "Component returned failure code: 0x80520012 (NS_ERROR_FILE_NOT_FOUND) [amIAddonManagerStartup.readStartupData]"  nsresult: "0x80520012 (NS_ERROR_FILE_NOT_FOUND)"  location: "JS frame :: resource://gre/modules/addons/XPIProvider.jsm :: loadExtensionState :: line 1554"  data: no] Stack trace: loadExtensionState()@resource://gre/modules/addons/XPIProvider.jsm:1554 < getInstallState()@resource://gre/modules/addons/XPIProvider.jsm:1589 < checkForChanges()@resource://gre/modules/addons/XPIProvider.jsm:3109 < startup()@resource://gre/modules/addons/XPIProvider.jsm:2188 < callProvider()@resource://gre/modules/AddonManager.jsm:269 < _startProvider()@resource://gre/modules/AddonManager.jsm:739 < startup()@resource://gre/modules/AddonManager.jsm:906 < startup()@resource://gre/modules/AddonManager.jsm:3090 < observe()@jar:file:///Applications/Firefox.app/Contents/Resources/omni.ja!/components/addonManager.js:65
1511731479939	Marionette	INFO	Enabled via --marionette
2017-11-26 15:24:40.819 plugin-container[60209:3835477] *** CFMessagePort: bootstrap_register(): failed 1100 (0x44c) 'Permission denied', port = 0xa23b, name = 'com.apple.tsm.portname'
See /usr/include/servers/bootstrap_defs.h for the error codes.
2017-11-26 15:24:40.820 plugin-container[60209:3835477] *** CFMessagePort: bootstrap_register(): failed 1100 (0x44c) 'Permission denied', port = 0xa503, name = 'com.apple.CFPasteboardClient'
See /usr/include/servers/bootstrap_defs.h for the error codes.
1511731481472	Marionette	INFO	Listening on port 63836
1511731481556	Marionette	WARN	TLS certificate errors will be ignored for this session
1511731481592	Marionette	DEBUG	Register listener.js for window 2147483649
1511731481615	Marionette	DEBUG	Received DOM event "beforeunload" for "about:blank"
1511731481638	Marionette	DEBUG	Received DOM event "pagehide" for "about:blank"
1511731481638	Marionette	DEBUG	Received DOM event "unload" for "about:blank"
1511731482391	Marionette	DEBUG	Received DOM event "DOMContentLoaded" for "http://localhost:8000/"
1511731482397	Marionette	DEBUG	Received DOM event "pageshow" for "http://localhost:8000/"
1511731482426	Marionette	INFO	New connections will no longer be accepted
[GFX1-]: Receive IPC close with reason=AbnormalShutdown
2017-11-26 15:24:43.419 plugin-container[60211:3835652] *** CFMessagePort: bootstrap_register(): failed 1100 (0x44c) 'Permission denied', port = 0xa23b, name = 'com.apple.tsm.portname'
See /usr/include/servers/bootstrap_defs.h for the error codes.
2017-11-26 15:24:43.419 plugin-container[60211:3835652] *** CFMessagePort: bootstrap_register(): failed 1100 (0x44c) 'Permission denied', port = 0xa503, name = 'com.apple.CFPasteboardClient'
See /usr/include/servers/bootstrap_defs.h for the error codes.
2017-11-26 15:24:48.497 plugin-container[60212:3836056] *** CFMessagePort: bootstrap_register(): failed 1100 (0x44c) 'Permission denied', port = 0xa33b, name = 'com.apple.tsm.portname'
See /usr/include/servers/bootstrap_defs.h for the error codes.
2017-11-26 15:24:48.498 plugin-container[60212:3836056] *** CFMessagePort: bootstrap_register(): failed 1100 (0x44c) 'Permission denied', port = 0xa603, name = 'com.apple.CFPasteboardClient'
See /usr/include/servers/bootstrap_defs.h for the error codes.
1511731500938	geckodriver	INFO	geckodriver 0.19.1
1511731500943	geckodriver	INFO	Listening on 127.0.0.1:63908
1511731501999	mozrunner::runner	INFO	Running command: "/Applications/Firefox.app/Contents/MacOS/firefox-bin" "-marionette" "-profile" "/var/folders/ng/f1kzg3p117s4f34f6v0nks2r0000gp/T/rust_mozprofile.svtqx5RcDHWt"
1511731502223	addons.xpi	WARN	Error parsing extensions state: [Exception... "Component returned failure code: 0x80520012 (NS_ERROR_FILE_NOT_FOUND) [amIAddonManagerStartup.readStartupData]"  nsresult: "0x80520012 (NS_ERROR_FILE_NOT_FOUND)"  location: "JS frame :: resource://gre/modules/addons/XPIProvider.jsm :: loadExtensionState :: line 1554"  data: no] Stack trace: loadExtensionState()@resource://gre/modules/addons/XPIProvider.jsm:1554 < getInstallState()@resource://gre/modules/addons/XPIProvider.jsm:1589 < checkForChanges()@resource://gre/modules/addons/XPIProvider.jsm:3109 < startup()@resource://gre/modules/addons/XPIProvider.jsm:2188 < callProvider()@resource://gre/modules/AddonManager.jsm:269 < _startProvider()@resource://gre/modules/AddonManager.jsm:739 < startup()@resource://gre/modules/AddonManager.jsm:906 < startup()@resource://gre/modules/AddonManager.jsm:3090 < observe()@jar:file:///Applications/Firefox.app/Contents/Resources/omni.ja!/components/addonManager.js:65
1511731502544	Marionette	INFO	Enabled via --marionette
2017-11-26 15:25:03.458 plugin-container[60231:3836431] *** CFMessagePort: bootstrap_register(): failed 1100 (0x44c) 'Permission denied', port = 0xa33b, name = 'com.apple.tsm.portname'
See /usr/include/servers/bootstrap_defs.h for the error codes.
2017-11-26 15:25:03.459 plugin-container[60231:3836431] *** CFMessagePort: bootstrap_register(): failed 1100 (0x44c) 'Permission denied', port = 0xa607, name = 'com.apple.CFPasteboardClient'
See /usr/include/servers/bootstrap_defs.h for the error codes.
1511731504041	Marionette	INFO	Listening on port 63917
1511731504137	Marionette	WARN	TLS certificate errors will be ignored for this session
1511731504201	Marionette	DEBUG	Register listener.js for window 2147483649
1511731504228	Marionette	DEBUG	Received DOM event "beforeunload" for "about:blank"
1511731504242	Marionette	DEBUG	Received DOM event "pagehide" for "about:blank"
1511731504243	Marionette	DEBUG	Received DOM event "unload" for "about:blank"
1511731505063	Marionette	DEBUG	Received DOM event "DOMContentLoaded" for "http://localhost:8000/"
1511731505087	Marionette	DEBUG	Received DOM event "pageshow" for "http://localhost:8000/"
1511731505338	Marionette	INFO	New connections will no longer be accepted
[GFX1-]: Receive IPC close with reason=AbnormalShutdown
JavaScript error: jar:file:///Applications/Firefox.app/Contents/Resources/browser/omni.ja!/components/nsBrowserGlue.js, line 994: TypeError: win is null
JavaScript error: jar:file:///Applications/Firefox.app/Contents/Resources/browser/omni.ja!/components/nsBrowserGlue.js, line 994: TypeError: win is null
JavaScript error: jar:file:///Applications/Firefox.app/Contents/Resources/browser/omni.ja!/components/nsBrowserGlue.js, line 994: TypeError: win is null
JavaScript error: jar:file:///Applications/Firefox.app/Contents/Resources/browser/omni.ja!/components/nsBrowserGlue.js, line 994: TypeError: win is null
JavaScript error: jar:file:///Applications/Firefox.app/Contents/Resources/browser/omni.ja!/components/nsBrowserGlue.js, line 994: TypeError: win is null
JavaScript error: jar:file:///Applications/Firefox.app/Contents/Resources/browser/omni.ja!/components/nsBrowserGlue.js, line 994: TypeError: win is null
JavaScript error: jar:file:///Applications/Firefox.app/Contents/Resources/browser/omni.ja!/components/nsBrowserGlue.js, line 994: TypeError: win is null
JavaScript error: jar:file:///Applications/Firefox.app/Contents/Resources/browser/omni.ja!/components/nsBrowserGlue.js, line 994: TypeError: win is null
JavaScript error: jar:file:///Applications/Firefox.app/Contents/Resources/browser/omni.ja!/components/nsBrowserGlue.js, line 994: TypeError: win is null
2017-11-26 15:58:53.394 plugin-container[61410:3881893] *** CFMessagePort: bootstrap_register(): failed 1100 (0x44c) 'Permission denied', port = 0xa33b, name = 'com.apple.tsm.portname'
See /usr/include/servers/bootstrap_defs.h for the error codes.
2017-11-26 15:58:53.396 plugin-container[61410:3881893] *** CFMessagePort: bootstrap_register(): failed 1100 (0x44c) 'Permission denied', port = 0xa703, name = 'com.apple.CFPasteboardClient'
See /usr/include/servers/bootstrap_defs.h for the error codes.
JavaScript error: jar:file:///Applications/Firefox.app/Contents/Resources/browser/omni.ja!/components/nsBrowserGlue.js, line 994: TypeError: win is null
1511734126475	geckodriver	INFO	geckodriver 0.19.1
1511734126482	geckodriver	INFO	Listening on 127.0.0.1:49289
1511734127539	mozrunner::runner	INFO	Running command: "/Applications/Firefox.app/Contents/MacOS/firefox-bin" "-marionette" "-profile" "/var/folders/ng/f1kzg3p117s4f34f6v0nks2r0000gp/T/rust_mozprofile.PV7CqZr9UB8V"
1511734127766	addons.xpi	WARN	Error parsing extensions state: [Exception... "Component returned failure code: 0x80520012 (NS_ERROR_FILE_NOT_FOUND) [amIAddonManagerStartup.readStartupData]"  nsresult: "0x80520012 (NS_ERROR_FILE_NOT_FOUND)"  location: "JS frame :: resource://gre/modules/addons/XPIProvider.jsm :: loadExtensionState :: line 1554"  data: no] Stack trace: loadExtensionState()@resource://gre/modules/addons/XPIProvider.jsm:1554 < getInstallState()@resource://gre/modules/addons/XPIProvider.jsm:1589 < checkForChanges()@resource://gre/modules/addons/XPIProvider.jsm:3109 < startup()@resource://gre/modules/addons/XPIProvider.jsm:2188 < callProvider()@resource://gre/modules/AddonManager.jsm:269 < _startProvider()@resource://gre/modules/AddonManager.jsm:739 < startup()@resource://gre/modules/AddonManager.jsm:906 < startup()@resource://gre/modules/AddonManager.jsm:3090 < observe()@jar:file:///Applications/Firefox.app/Contents/Resources/omni.ja!/components/addonManager.js:65
1511734128057	Marionette	INFO	Enabled via --marionette
2017-11-26 16:08:49.052 plugin-container[61761:3897962] *** CFMessagePort: bootstrap_register(): failed 1100 (0x44c) 'Permission denied', port = 0xa337, name = 'com.apple.tsm.portname'
See /usr/include/servers/bootstrap_defs.h for the error codes.
2017-11-26 16:08:49.053 plugin-container[61761:3897962] *** CFMessagePort: bootstrap_register(): failed 1100 (0x44c) 'Permission denied', port = 0xa603, name = 'com.apple.CFPasteboardClient'
See /usr/include/servers/bootstrap_defs.h for the error codes.
1511734129592	Marionette	INFO	Listening on port 49298
1511734129635	Marionette	WARN	TLS certificate errors will be ignored for this session
1511734129682	Marionette	DEBUG	Register listener.js for window 2147483649
1511734129715	Marionette	DEBUG	Received DOM event "beforeunload" for "about:blank"
1511734129749	Marionette	DEBUG	Received DOM event "pagehide" for "about:blank"
1511734129749	Marionette	DEBUG	Received DOM event "unload" for "about:blank"
1511734130433	Marionette	DEBUG	Received DOM event "DOMContentLoaded" for "http://localhost:8000/"
1511734130440	Marionette	DEBUG	Received DOM event "pageshow" for "http://localhost:8000/"
1511734130483	Marionette	INFO	New connections will no longer be accepted
1511734148780	geckodriver	INFO	geckodriver 0.19.1
1511734148785	geckodriver	INFO	Listening on 127.0.0.1:49368
1511734149842	mozrunner::runner	INFO	Running command: "/Applications/Firefox.app/Contents/MacOS/firefox-bin" "-marionette" "-profile" "/var/folders/ng/f1kzg3p117s4f34f6v0nks2r0000gp/T/rust_mozprofile.3ebIx8XNJLiz"
1511734150044	addons.xpi	WARN	Error parsing extensions state: [Exception... "Component returned failure code: 0x80520012 (NS_ERROR_FILE_NOT_FOUND) [amIAddonManagerStartup.readStartupData]"  nsresult: "0x80520012 (NS_ERROR_FILE_NOT_FOUND)"  location: "JS frame :: resource://gre/modules/addons/XPIProvider.jsm :: loadExtensionState :: line 1554"  data: no] Stack trace: loadExtensionState()@resource://gre/modules/addons/XPIProvider.jsm:1554 < getInstallState()@resource://gre/modules/addons/XPIProvider.jsm:1589 < checkForChanges()@resource://gre/modules/addons/XPIProvider.jsm:3109 < startup()@resource://gre/modules/addons/XPIProvider.jsm:2188 < callProvider()@resource://gre/modules/AddonManager.jsm:269 < _startProvider()@resource://gre/modules/AddonManager.jsm:739 < startup()@resource://gre/modules/AddonManager.jsm:906 < startup()@resource://gre/modules/AddonManager.jsm:3090 < observe()@jar:file:///Applications/Firefox.app/Contents/Resources/omni.ja!/components/addonManager.js:65
1511734150337	Marionette	INFO	Enabled via --marionette
2017-11-26 16:09:11.242 plugin-container[61775:3899497] *** CFMessagePort: bootstrap_register(): failed 1100 (0x44c) 'Permission denied', port = 0xa33b, name = 'com.apple.tsm.portname'
See /usr/include/servers/bootstrap_defs.h for the error codes.
2017-11-26 16:09:11.243 plugin-container[61775:3899497] *** CFMessagePort: bootstrap_register(): failed 1100 (0x44c) 'Permission denied', port = 0xa603, name = 'com.apple.CFPasteboardClient'
See /usr/include/servers/bootstrap_defs.h for the error codes.
1511734151680	Marionette	INFO	Listening on port 49377
1511734151737	Marionette	WARN	TLS certificate errors will be ignored for this session
1511734151781	Marionette	DEBUG	Register listener.js for window 2147483649
1511734151810	Marionette	DEBUG	Received DOM event "beforeunload" for "about:blank"
1511734151828	Marionette	DEBUG	Received DOM event "pagehide" for "about:blank"
1511734151828	Marionette	DEBUG	Received DOM event "unload" for "about:blank"
1511734152468	Marionette	DEBUG	Received DOM event "DOMContentLoaded" for "http://localhost:8000/"
1511734152473	Marionette	DEBUG	Received DOM event "pageshow" for "http://localhost:8000/"
1511734152509	Marionette	INFO	New connections will no longer be accepted
JavaScript error: jar:file:///Applications/Firefox.app/Contents/Resources/browser/omni.ja!/components/nsBrowserGlue.js, line 994: TypeError: win is null
JavaScript error: jar:file:///Applications/Firefox.app/Contents/Resources/browser/omni.ja!/components/nsBrowserGlue.js, line 994: TypeError: win is null
JavaScript error: jar:file:///Applications/Firefox.app/Contents/Resources/browser/omni.ja!/components/nsBrowserGlue.js, line 994: TypeError: win is null
JavaScript error: jar:file:///Applications/Firefox.app/Contents/Resources/browser/omni.ja!/components/nsBrowserGlue.js, line 994: TypeError: win is null
JavaScript error: jar:file:///Applications/Firefox.app/Contents/Resources/browser/omni.ja!/components/nsBrowserGlue.js, line 994: TypeError: win is null
1511735114179	geckodriver	INFO	geckodriver 0.19.1
1511735114185	geckodriver	INFO	Listening on 127.0.0.1:49527
1511735115244	mozrunner::runner	INFO	Running command: "/Applications/Firefox.app/Contents/MacOS/firefox-bin" "-marionette" "-profile" "/var/folders/ng/f1kzg3p117s4f34f6v0nks2r0000gp/T/rust_mozprofile.zgLdt3kfg63O"
1511735115500	addons.xpi	WARN	Error parsing extensions state: [Exception... "Component returned failure code: 0x80520012 (NS_ERROR_FILE_NOT_FOUND) [amIAddonManagerStartup.readStartupData]"  nsresult: "0x80520012 (NS_ERROR_FILE_NOT_FOUND)"  location: "JS frame :: resource://gre/modules/addons/XPIProvider.jsm :: loadExtensionState :: line 1554"  data: no] Stack trace: loadExtensionState()@resource://gre/modules/addons/XPIProvider.jsm:1554 < getInstallState()@resource://gre/modules/addons/XPIProvider.jsm:1589 < checkForChanges()@resource://gre/modules/addons/XPIProvider.jsm:3109 < startup()@resource://gre/modules/addons/XPIProvider.jsm:2188 < callProvider()@resource://gre/modules/AddonManager.jsm:269 < _startProvider()@resource://gre/modules/AddonManager.jsm:739 < startup()@resource://gre/modules/AddonManager.jsm:906 < startup()@resource://gre/modules/AddonManager.jsm:3090 < observe()@jar:file:///Applications/Firefox.app/Contents/Resources/omni.ja!/components/addonManager.js:65
1511735115821	Marionette	INFO	Enabled via --marionette
2017-11-26 16:25:16.836 plugin-container[62351:3917268] *** CFMessagePort: bootstrap_register(): failed 1100 (0x44c) 'Permission denied', port = 0xa23b, name = 'com.apple.tsm.portname'
See /usr/include/servers/bootstrap_defs.h for the error codes.
2017-11-26 16:25:16.837 plugin-container[62351:3917268] *** CFMessagePort: bootstrap_register(): failed 1100 (0x44c) 'Permission denied', port = 0xa503, name = 'com.apple.CFPasteboardClient'
See /usr/include/servers/bootstrap_defs.h for the error codes.
1511735117353	Marionette	INFO	Listening on port 49536
1511735117375	Marionette	WARN	TLS certificate errors will be ignored for this session
1511735117426	Marionette	DEBUG	Register listener.js for window 2147483649
1511735117448	Marionette	DEBUG	Received DOM event "beforeunload" for "about:blank"
1511735117479	Marionette	DEBUG	Received DOM event "pagehide" for "about:blank"
1511735117479	Marionette	DEBUG	Received DOM event "unload" for "about:blank"
1511735118267	Marionette	DEBUG	Received DOM event "DOMContentLoaded" for "http://localhost:8000/"
1511735118271	Marionette	DEBUG	Received DOM event "pageshow" for "http://localhost:8000/"
1511735118306	Marionette	INFO	New connections will no longer be accepted
JavaScript error: jar:file:///Applications/Firefox.app/Contents/Resources/browser/omni.ja!/components/nsBrowserGlue.js, line 994: TypeError: win is null
