1511727131606	geckodriver	INFO	geckodriver 0.19.1
1511727131613	geckodriver	INFO	Listening on 127.0.0.1:61692
1511727132674	mozrunner::runner	INFO	Running command: "/Applications/Firefox.app/Contents/MacOS/firefox-bin" "-marionette" "-profile" "/var/folders/ng/f1kzg3p117s4f34f6v0nks2r0000gp/T/rust_mozprofile.hrIDcfUoZXtl"
1511727133074	addons.xpi	WARN	Error parsing extensions state: [Exception... "Component returned failure code: 0x80520012 (NS_ERROR_FILE_NOT_FOUND) [amIAddonManagerStartup.readStartupData]"  nsresult: "0x80520012 (NS_ERROR_FILE_NOT_FOUND)"  location: "JS frame :: resource://gre/modules/addons/XPIProvider.jsm :: loadExtensionState :: line 1554"  data: no] Stack trace: loadExtensionState()@resource://gre/modules/addons/XPIProvider.jsm:1554 < getInstallState()@resource://gre/modules/addons/XPIProvider.jsm:1589 < checkForChanges()@resource://gre/modules/addons/XPIProvider.jsm:3109 < startup()@resource://gre/modules/addons/XPIProvider.jsm:2188 < callProvider()@resource://gre/modules/AddonManager.jsm:269 < _startProvider()@resource://gre/modules/AddonManager.jsm:739 < startup()@resource://gre/modules/AddonManager.jsm:906 < startup()@resource://gre/modules/AddonManager.jsm:3090 < observe()@jar:file:///Applications/Firefox.app/Contents/Resources/omni.ja!/components/addonManager.js:65
1511727133400	Marionette	INFO	Enabled via --marionette
2017-11-26 14:12:14.511 plugin-container[57454:3739206] *** CFMessagePort: bootstrap_register(): failed 1100 (0x44c) 'Permission denied', port = 0xa233, name = 'com.apple.tsm.portname'
See /usr/include/servers/bootstrap_defs.h for the error codes.
2017-11-26 14:12:14.512 plugin-container[57454:3739206] *** CFMessagePort: bootstrap_register(): failed 1100 (0x44c) 'Permission denied', port = 0xa503, name = 'com.apple.CFPasteboardClient'
See /usr/include/servers/bootstrap_defs.h for the error codes.
1511727135083	Marionette	INFO	Listening on port 61701
1511727135113	Marionette	WARN	TLS certificate errors will be ignored for this session
1511727135173	Marionette	DEBUG	Register listener.js for window 2147483649
1511727135213	Marionette	DEBUG	Received DOM event "beforeunload" for "about:blank"
1511727135235	Marionette	DEBUG	Received DOM event "beforeunload" for "about:blank"
1511727135239	Marionette	DEBUG	Received DOM event "pagehide" for "about:blank"
1511727135240	Marionette	DEBUG	Received DOM event "unload" for "about:blank"
1511727135315	Marionette	DEBUG	Received DOM event "DOMContentLoaded" for "about:neterror?e=connectionFailure&u=http%3A//localhost%3A8000/&c=UTF-8&f=regular&d=Firefox%20can%E2%80%99t%20establish%20a%20connection%20to%20the%20server%20at%20localhost%3A8000."
1511727594128	geckodriver	INFO	geckodriver 0.19.1
1511727594135	geckodriver	INFO	Listening on 127.0.0.1:61884
1511727595190	mozrunner::runner	INFO	Running command: "/Applications/Firefox.app/Contents/MacOS/firefox-bin" "-marionette" "-profile" "/var/folders/ng/f1kzg3p117s4f34f6v0nks2r0000gp/T/rust_mozprofile.DhjKTiWECGzB"
1511727595475	addons.xpi	WARN	Error parsing extensions state: [Exception... "Component returned failure code: 0x80520012 (NS_ERROR_FILE_NOT_FOUND) [amIAddonManagerStartup.readStartupData]"  nsresult: "0x80520012 (NS_ERROR_FILE_NOT_FOUND)"  location: "JS frame :: resource://gre/modules/addons/XPIProvider.jsm :: loadExtensionState :: line 1554"  data: no] Stack trace: loadExtensionState()@resource://gre/modules/addons/XPIProvider.jsm:1554 < getInstallState()@resource://gre/modules/addons/XPIProvider.jsm:1589 < checkForChanges()@resource://gre/modules/addons/XPIProvider.jsm:3109 < startup()@resource://gre/modules/addons/XPIProvider.jsm:2188 < callProvider()@resource://gre/modules/AddonManager.jsm:269 < _startProvider()@resource://gre/modules/AddonManager.jsm:739 < startup()@resource://gre/modules/AddonManager.jsm:906 < startup()@resource://gre/modules/AddonManager.jsm:3090 < observe()@jar:file:///Applications/Firefox.app/Contents/Resources/omni.ja!/components/addonManager.js:65
1511727595804	Marionette	INFO	Enabled via --marionette
2017-11-26 14:19:56.821 plugin-container[57759:3750622] *** CFMessagePort: bootstrap_register(): failed 1100 (0x44c) 'Permission denied', port = 0xa33b, name = 'com.apple.tsm.portname'
See /usr/include/servers/bootstrap_defs.h for the error codes.
2017-11-26 14:19:56.822 plugin-container[57759:3750622] *** CFMessagePort: bootstrap_register(): failed 1100 (0x44c) 'Permission denied', port = 0xa603, name = 'com.apple.CFPasteboardClient'
See /usr/include/servers/bootstrap_defs.h for the error codes.
1511727597281	Marionette	INFO	Listening on port 61893
1511727597385	Marionette	WARN	TLS certificate errors will be ignored for this session
1511727597422	Marionette	DEBUG	Register listener.js for window 2147483649
1511727597438	Marionette	DEBUG	Received DOM event "beforeunload" for "about:blank"
1511727597467	Marionette	DEBUG	Received DOM event "pagehide" for "about:blank"
1511727597468	Marionette	DEBUG	Received DOM event "unload" for "about:blank"
1511727598082	Marionette	DEBUG	Received DOM event "DOMContentLoaded" for "http://localhost:8000/"
1511727598086	Marionette	DEBUG	Received DOM event "pageshow" for "http://localhost:8000/"
1511727653398	geckodriver	INFO	geckodriver 0.19.1
1511727653405	geckodriver	INFO	Listening on 127.0.0.1:61968
1511727654457	mozrunner::runner	INFO	Running command: "/Applications/Firefox.app/Contents/MacOS/firefox-bin" "-marionette" "-profile" "/var/folders/ng/f1kzg3p117s4f34f6v0nks2r0000gp/T/rust_mozprofile.g5GKt6J2vE2J"
1511727654730	addons.xpi	WARN	Error parsing extensions state: [Exception... "Component returned failure code: 0x80520012 (NS_ERROR_FILE_NOT_FOUND) [amIAddonManagerStartup.readStartupData]"  nsresult: "0x80520012 (NS_ERROR_FILE_NOT_FOUND)"  location: "JS frame :: resource://gre/modules/addons/XPIProvider.jsm :: loadExtensionState :: line 1554"  data: no] Stack trace: loadExtensionState()@resource://gre/modules/addons/XPIProvider.jsm:1554 < getInstallState()@resource://gre/modules/addons/XPIProvider.jsm:1589 < checkForChanges()@resource://gre/modules/addons/XPIProvider.jsm:3109 < startup()@resource://gre/modules/addons/XPIProvider.jsm:2188 < callProvider()@resource://gre/modules/AddonManager.jsm:269 < _startProvider()@resource://gre/modules/AddonManager.jsm:739 < startup()@resource://gre/modules/AddonManager.jsm:906 < startup()@resource://gre/modules/AddonManager.jsm:3090 < observe()@jar:file:///Applications/Firefox.app/Contents/Resources/omni.ja!/components/addonManager.js:65
1511727655030	Marionette	INFO	Enabled via --marionette
2017-11-26 14:20:55.993 plugin-container[57801:3752720] *** CFMessagePort: bootstrap_register(): failed 1100 (0x44c) 'Permission denied', port = 0xa33b, name = 'com.apple.tsm.portname'
See /usr/include/servers/bootstrap_defs.h for the error codes.
2017-11-26 14:20:55.994 plugin-container[57801:3752720] *** CFMessagePort: bootstrap_register(): failed 1100 (0x44c) 'Permission denied', port = 0xa603, name = 'com.apple.CFPasteboardClient'
See /usr/include/servers/bootstrap_defs.h for the error codes.
1511727656494	Marionette	INFO	Listening on port 61977
1511727656550	Marionette	WARN	TLS certificate errors will be ignored for this session
1511727656589	Marionette	DEBUG	Register listener.js for window 2147483649
1511727656622	Marionette	DEBUG	Received DOM event "beforeunload" for "about:blank"
1511727656640	Marionette	DEBUG	Received DOM event "pagehide" for "about:blank"
1511727656640	Marionette	DEBUG	Received DOM event "unload" for "about:blank"
1511727657237	Marionette	DEBUG	Received DOM event "DOMContentLoaded" for "http://localhost:8000/"
1511727657241	Marionette	DEBUG	Received DOM event "pageshow" for "http://localhost:8000/"
1511727671954	geckodriver	INFO	geckodriver 0.19.1
1511727671959	geckodriver	INFO	Listening on 127.0.0.1:62049
1511727673024	mozrunner::runner	INFO	Running command: "/Applications/Firefox.app/Contents/MacOS/firefox-bin" "-marionette" "-profile" "/var/folders/ng/f1kzg3p117s4f34f6v0nks2r0000gp/T/rust_mozprofile.kMXFlTxOKEfM"
1511727673277	addons.xpi	WARN	Error parsing extensions state: [Exception... "Component returned failure code: 0x80520012 (NS_ERROR_FILE_NOT_FOUND) [amIAddonManagerStartup.readStartupData]"  nsresult: "0x80520012 (NS_ERROR_FILE_NOT_FOUND)"  location: "JS frame :: resource://gre/modules/addons/XPIProvider.jsm :: loadExtensionState :: line 1554"  data: no] Stack trace: loadExtensionState()@resource://gre/modules/addons/XPIProvider.jsm:1554 < getInstallState()@resource://gre/modules/addons/XPIProvider.jsm:1589 < checkForChanges()@resource://gre/modules/addons/XPIProvider.jsm:3109 < startup()@resource://gre/modules/addons/XPIProvider.jsm:2188 < callProvider()@resource://gre/modules/AddonManager.jsm:269 < _startProvider()@resource://gre/modules/AddonManager.jsm:739 < startup()@resource://gre/modules/AddonManager.jsm:906 < startup()@resource://gre/modules/AddonManager.jsm:3090 < observe()@jar:file:///Applications/Firefox.app/Contents/Resources/omni.ja!/components/addonManager.js:65
1511727673564	Marionette	INFO	Enabled via --marionette
2017-11-26 14:21:14.487 plugin-container[57814:3753421] *** CFMessagePort: bootstrap_register(): failed 1100 (0x44c) 'Permission denied', port = 0xa33b, name = 'com.apple.tsm.portname'
See /usr/include/servers/bootstrap_defs.h for the error codes.
2017-11-26 14:21:14.488 plugin-container[57814:3753421] *** CFMessagePort: bootstrap_register(): failed 1100 (0x44c) 'Permission denied', port = 0xa603, name = 'com.apple.CFPasteboardClient'
See /usr/include/servers/bootstrap_defs.h for the error codes.
1511727674970	Marionette	INFO	Listening on port 62058
1511727675019	Marionette	WARN	TLS certificate errors will be ignored for this session
1511727675063	Marionette	DEBUG	Register listener.js for window 2147483649
1511727675091	Marionette	DEBUG	Received DOM event "beforeunload" for "about:blank"
1511727675106	Marionette	DEBUG	Received DOM event "pagehide" for "about:blank"
1511727675106	Marionette	DEBUG	Received DOM event "unload" for "about:blank"
1511727675735	Marionette	DEBUG	Received DOM event "DOMContentLoaded" for "http://localhost:8000/"
1511727675740	Marionette	DEBUG	Received DOM event "pageshow" for "http://localhost:8000/"
JavaScript error: jar:file:///Applications/Firefox.app/Contents/Resources/browser/omni.ja!/components/nsBrowserGlue.js, line 994: TypeError: win is null
JavaScript error: jar:file:///Applications/Firefox.app/Contents/Resources/browser/omni.ja!/components/nsBrowserGlue.js, line 994: TypeError: win is null
1511727755272	geckodriver	INFO	geckodriver 0.19.1
1511727755279	geckodriver	INFO	Listening on 127.0.0.1:62129
1511727756334	mozrunner::runner	INFO	Running command: "/Applications/Firefox.app/Contents/MacOS/firefox-bin" "-marionette" "-profile" "/var/folders/ng/f1kzg3p117s4f34f6v0nks2r0000gp/T/rust_mozprofile.TAMdGEsUqaxJ"
1511727756609	addons.xpi	WARN	Error parsing extensions state: [Exception... "Component returned failure code: 0x80520012 (NS_ERROR_FILE_NOT_FOUND) [amIAddonManagerStartup.readStartupData]"  nsresult: "0x80520012 (NS_ERROR_FILE_NOT_FOUND)"  location: "JS frame :: resource://gre/modules/addons/XPIProvider.jsm :: loadExtensionState :: line 1554"  data: no] Stack trace: loadExtensionState()@resource://gre/modules/addons/XPIProvider.jsm:1554 < getInstallState()@resource://gre/modules/addons/XPIProvider.jsm:1589 < checkForChanges()@resource://gre/modules/addons/XPIProvider.jsm:3109 < startup()@resource://gre/modules/addons/XPIProvider.jsm:2188 < callProvider()@resource://gre/modules/AddonManager.jsm:269 < _startProvider()@resource://gre/modules/AddonManager.jsm:739 < startup()@resource://gre/modules/AddonManager.jsm:906 < startup()@resource://gre/modules/AddonManager.jsm:3090 < observe()@jar:file:///Applications/Firefox.app/Contents/Resources/omni.ja!/components/addonManager.js:65
1511727756909	Marionette	INFO	Enabled via --marionette
2017-11-26 14:22:37.969 plugin-container[57872:3757521] *** CFMessagePort: bootstrap_register(): failed 1100 (0x44c) 'Permission denied', port = 0xa33b, name = 'com.apple.tsm.portname'
See /usr/include/servers/bootstrap_defs.h for the error codes.
2017-11-26 14:22:37.970 plugin-container[57872:3757521] *** CFMessagePort: bootstrap_register(): failed 1100 (0x44c) 'Permission denied', port = 0xa603, name = 'com.apple.CFPasteboardClient'
See /usr/include/servers/bootstrap_defs.h for the error codes.
1511727758580	Marionette	INFO	Listening on port 62138
1511727758647	Marionette	WARN	TLS certificate errors will be ignored for this session
1511727758686	Marionette	DEBUG	Register listener.js for window 2147483649
1511727758705	Marionette	DEBUG	Received DOM event "beforeunload" for "about:blank"
1511727758720	Marionette	DEBUG	Received DOM event "pagehide" for "about:blank"
1511727758720	Marionette	DEBUG	Received DOM event "unload" for "about:blank"
1511727759284	Marionette	DEBUG	Received DOM event "DOMContentLoaded" for "http://localhost:8000/"
1511727759287	Marionette	DEBUG	Received DOM event "pageshow" for "http://localhost:8000/"
JavaScript error: jar:file:///Applications/Firefox.app/Contents/Resources/browser/omni.ja!/components/nsBrowserGlue.js, line 994: TypeError: win is null
JavaScript error: jar:file:///Applications/Firefox.app/Contents/Resources/browser/omni.ja!/components/nsBrowserGlue.js, line 994: TypeError: win is null
JavaScript error: jar:file:///Applications/Firefox.app/Contents/Resources/browser/omni.ja!/components/nsBrowserGlue.js, line 994: TypeError: win is null
JavaScript error: jar:file:///Applications/Firefox.app/Contents/Resources/browser/omni.ja!/components/nsBrowserGlue.js, line 994: TypeError: win is null
JavaScript error: jar:file:///Applications/Firefox.app/Contents/Resources/browser/omni.ja!/components/nsBrowserGlue.js, line 994: TypeError: win is null
JavaScript error: jar:file:///Applications/Firefox.app/Contents/Resources/browser/omni.ja!/components/nsBrowserGlue.js, line 994: TypeError: win is null
